TN:
SF:src/deserializeProto.js
FN:8,deserializeBinary
FNF:1
FNH:1
FNDA:1,deserializeBinary
DA:1,1
DA:2,1
DA:9,1
DA:10,1
DA:11,1
DA:12,1
DA:19,1
DA:23,0
DA:24,0
LF:9
LH:7
BRF:0
BRH:0
end_of_record
TN:
SF:src/emailMessage.js
FN:10,EmailMessage
FNF:1
FNH:1
FNDA:2,EmailMessage
DA:10,2
DA:12,2
DA:13,2
DA:14,2
DA:15,2
DA:16,2
LF:6
LH:6
BRF:0
BRH:0
end_of_record
TN:
SF:src/emailer.js
FN:7,_callee
FNF:1
FNH:1
FNDA:4,_callee
DA:1,1
DA:2,1
DA:3,1
DA:7,15
DA:12,1
DA:20,0
DA:24,1
DA:27,1
DA:31,1
LF:9
LH:8
BRDA:7,0,0,1
BRDA:7,0,1,1
BRDA:7,0,2,0
BRDA:7,0,3,1
BRDA:7,0,4,0
BRDA:7,0,5,1
BRDA:27,1,0,1
BRDA:27,1,1,0
BRF:8
BRH:5
end_of_record
TN:
SF:src/config/email.js
FNF:0
FNH:0
DA:1,1
DA:2,1
DA:5,1
DA:7,1
DA:17,1
LF:5
LH:5
BRDA:5,0,0,0
BRDA:5,0,1,1
BRF:2
BRH:1
end_of_record
TN:
SF:src/proto/email_pb.js
FN:12,(anonymous_3)
FN:21,(anonymous_4)
FN:42,Email
FN:99,create
FN:112,encode
FN:139,encodeDelimited
FN:154,decode
FN:198,decodeDelimited
FN:212,verify
FN:249,fromObject
FN:288,toObject
FN:333,toJSON
FNF:12
FNH:6
FNDA:1,(anonymous_3)
FNDA:1,(anonymous_4)
FNDA:4,Email
FNDA:2,create
FNDA:2,encode
FNDA:0,encodeDelimited
FNDA:2,decode
FNDA:0,decodeDelimited
FNDA:0,verify
FNDA:0,fromObject
FNDA:0,toObject
FNDA:0,toJSON
DA:4,1
DA:7,1
DA:10,1
DA:12,1
DA:19,1
DA:21,1
DA:43,4
DA:44,4
DA:45,4
DA:46,2
DA:47,10
DA:48,10
DA:57,1
DA:65,1
DA:73,1
DA:81,1
DA:89,1
DA:99,1
DA:100,2
DA:112,1
DA:113,2
DA:114,2
DA:115,2
DA:116,2
DA:117,4
DA:118,2
DA:119,2
DA:120,2
DA:121,2
DA:122,2
DA:123,2
DA:124,2
DA:125,2
DA:126,2
DA:127,2
DA:139,1
DA:140,0
DA:154,1
DA:155,2
DA:156,2
DA:157,2
DA:158,2
DA:159,12
DA:160,12
DA:162,4
DA:163,2
DA:164,4
DA:165,4
DA:167,2
DA:168,2
DA:169,2
DA:170,2
DA:172,2
DA:173,2
DA:175,2
DA:176,2
DA:178,2
DA:179,2
DA:181,0
DA:182,0
DA:185,2
DA:198,1
DA:199,0
DA:200,0
DA:201,0
DA:212,1
DA:213,0
DA:214,0
DA:215,0
DA:216,0
DA:217,0
DA:218,0
DA:219,0
DA:220,0
DA:222,0
DA:223,0
DA:224,0
DA:225,0
DA:226,0
DA:227,0
DA:229,0
DA:230,0
DA:231,0
DA:232,0
DA:233,0
DA:234,0
DA:235,0
DA:236,0
DA:237,0
DA:238,0
DA:249,1
DA:250,0
DA:251,0
DA:252,0
DA:253,0
DA:254,0
DA:255,0
DA:256,0
DA:257,0
DA:258,0
DA:260,0
DA:261,0
DA:262,0
DA:263,0
DA:264,0
DA:265,0
DA:267,0
DA:268,0
DA:269,0
DA:270,0
DA:271,0
DA:272,0
DA:273,0
DA:274,0
DA:275,0
DA:276,0
DA:288,1
DA:289,0
DA:290,0
DA:291,0
DA:292,0
DA:293,0
DA:294,0
DA:296,0
DA:297,0
DA:298,0
DA:299,0
DA:300,0
DA:302,0
DA:303,0
DA:304,0
DA:307,0
DA:308,0
DA:309,0
DA:310,0
DA:312,0
DA:313,0
DA:314,0
DA:315,0
DA:317,0
DA:318,0
DA:319,0
DA:320,0
DA:321,0
DA:322,0
DA:323,0
DA:333,1
DA:334,0
DA:337,1
DA:340,1
DA:343,1
LF:151
LH:66
BRDA:10,0,0,1
BRDA:10,0,1,1
BRDA:45,1,0,2
BRDA:45,1,1,2
BRDA:47,2,0,10
BRDA:47,2,1,0
BRDA:113,3,0,2
BRDA:113,3,1,0
BRDA:115,4,0,2
BRDA:115,4,1,0
BRDA:115,5,0,2
BRDA:115,5,1,2
BRDA:118,6,0,2
BRDA:118,6,1,0
BRDA:118,7,0,2
BRDA:118,7,1,2
BRDA:121,8,0,2
BRDA:121,8,1,0
BRDA:121,9,0,2
BRDA:121,9,1,2
BRDA:123,10,0,2
BRDA:123,10,1,0
BRDA:123,11,0,2
BRDA:123,11,1,2
BRDA:125,12,0,2
BRDA:125,12,1,0
BRDA:125,13,0,2
BRDA:125,13,1,2
BRDA:155,14,0,2
BRDA:155,14,1,0
BRDA:157,15,0,2
BRDA:157,15,1,0
BRDA:161,16,0,4
BRDA:161,16,1,2
BRDA:161,16,2,2
BRDA:161,16,3,2
BRDA:161,16,4,2
BRDA:161,16,5,0
BRDA:162,17,0,2
BRDA:162,17,1,2
BRDA:162,18,0,4
BRDA:162,18,1,4
BRDA:167,19,0,2
BRDA:167,19,1,0
BRDA:167,20,0,2
BRDA:167,20,1,2
BRDA:199,21,0,0
BRDA:199,21,1,0
BRDA:213,22,0,0
BRDA:213,22,1,0
BRDA:213,23,0,0
BRDA:213,23,1,0
BRDA:215,24,0,0
BRDA:215,24,1,0
BRDA:215,25,0,0
BRDA:215,25,1,0
BRDA:216,26,0,0
BRDA:216,26,1,0
BRDA:219,27,0,0
BRDA:219,27,1,0
BRDA:222,28,0,0
BRDA:222,28,1,0
BRDA:222,29,0,0
BRDA:222,29,1,0
BRDA:223,30,0,0
BRDA:223,30,1,0
BRDA:226,31,0,0
BRDA:226,31,1,0
BRDA:229,32,0,0
BRDA:229,32,1,0
BRDA:229,33,0,0
BRDA:229,33,1,0
BRDA:230,34,0,0
BRDA:230,34,1,0
BRDA:232,35,0,0
BRDA:232,35,1,0
BRDA:232,36,0,0
BRDA:232,36,1,0
BRDA:233,37,0,0
BRDA:233,37,1,0
BRDA:235,38,0,0
BRDA:235,38,1,0
BRDA:235,39,0,0
BRDA:235,39,1,0
BRDA:236,40,0,0
BRDA:236,40,1,0
BRDA:236,41,0,0
BRDA:236,41,1,0
BRDA:236,41,2,0
BRDA:250,42,0,0
BRDA:250,42,1,0
BRDA:253,43,0,0
BRDA:253,43,1,0
BRDA:254,44,0,0
BRDA:254,44,1,0
BRDA:260,45,0,0
BRDA:260,45,1,0
BRDA:261,46,0,0
BRDA:261,46,1,0
BRDA:267,47,0,0
BRDA:267,47,1,0
BRDA:269,48,0,0
BRDA:269,48,1,0
BRDA:271,49,0,0
BRDA:271,49,1,0
BRDA:272,50,0,0
BRDA:272,50,1,0
BRDA:274,51,0,0
BRDA:274,51,1,0
BRDA:289,52,0,0
BRDA:289,52,1,0
BRDA:292,53,0,0
BRDA:292,53,1,0
BRDA:292,54,0,0
BRDA:292,54,1,0
BRDA:296,55,0,0
BRDA:296,55,1,0
BRDA:299,56,0,0
BRDA:299,56,1,0
BRDA:303,57,0,0
BRDA:303,57,1,0
BRDA:307,58,0,0
BRDA:307,58,1,0
BRDA:307,59,0,0
BRDA:307,59,1,0
BRDA:312,60,0,0
BRDA:312,60,1,0
BRDA:312,61,0,0
BRDA:312,61,1,0
BRDA:317,62,0,0
BRDA:317,62,1,0
BRDA:317,63,0,0
BRDA:317,63,1,0
BRDA:319,64,0,0
BRDA:319,64,1,0
BRDA:319,65,0,0
BRDA:319,65,1,0
BRDA:321,66,0,0
BRDA:321,66,1,0
BRDA:321,67,0,0
BRDA:321,67,1,0
BRDA:322,68,0,0
BRDA:322,68,1,0
BRDA:322,69,0,0
BRDA:322,69,1,0
BRF:145
BRH:35
end_of_record
